c:\users\kasztelan\desktop\japroject\ja_project\sepiaasmdll\x64\release\sepiaasmdll.pch
c:\users\kasztelan\desktop\japroject\ja_project\sepiaasmdll\x64\release\vc141.pdb
c:\users\kasztelan\desktop\japroject\ja_project\sepiaasmdll\x64\release\pch.obj
c:\users\kasztelan\desktop\japroject\ja_project\sepiaasmdll\x64\release\dllmain.obj
c:\users\kasztelan\desktop\japroject\ja_project\sepiagui\bin\x64\release\sepiaasmdll.dll
c:\users\kasztelan\desktop\japroject\ja_project\sepiagui\bin\x64\release\sepiaasmdll.pdb
c:\users\kasztelan\desktop\japroject\ja_project\sepiaasmdll\x64\release\source.obj
c:\users\kasztelan\desktop\japroject\ja_project\sepiagui\bin\x64\release\sepiaasmdll.lib
c:\users\kasztelan\desktop\japroject\ja_project\sepiagui\bin\x64\release\sepiaasmdll.exp
c:\users\kasztelan\desktop\japroject\ja_project\sepiagui\bin\x64\release\sepiaasmdll.ipdb
c:\users\kasztelan\desktop\japroject\ja_project\sepiagui\bin\x64\release\sepiaasmdll.iobj
c:\users\kasztelan\desktop\japroject\ja_project\sepiaasmdll\..\sepiagui\bin\x64\release\sepiaasmdll.dll
c:\users\kasztelan\desktop\japroject\ja_project\sepiaasmdll\x64\release\sepiaasmdll.tlog\cl.command.1.tlog
c:\users\kasztelan\desktop\japroject\ja_project\sepiaasmdll\x64\release\sepiaasmdll.tlog\cl.read.1.tlog
c:\users\kasztelan\desktop\japroject\ja_project\sepiaasmdll\x64\release\sepiaasmdll.tlog\cl.write.1.tlog
c:\users\kasztelan\desktop\japroject\ja_project\sepiaasmdll\x64\release\sepiaasmdll.tlog\link.command.1.tlog
c:\users\kasztelan\desktop\japroject\ja_project\sepiaasmdll\x64\release\sepiaasmdll.tlog\link.read.1.tlog
c:\users\kasztelan\desktop\japroject\ja_project\sepiaasmdll\x64\release\sepiaasmdll.tlog\link.write.1.tlog
c:\users\kasztelan\desktop\japroject\ja_project\sepiaasmdll\x64\release\sepiaasmdll.tlog\masm.read.1u.tlog
c:\users\kasztelan\desktop\japroject\ja_project\sepiaasmdll\x64\release\sepiaasmdll.tlog\masm.write.1u.tlog
c:\users\kasztelan\desktop\japroject\ja_project\sepiaasmdll\x64\release\sepiaasmdll.tlog\sepiaasmdll.write.1u.tlog
