c:\users\kasztelan\desktop\japroject\ja_project\sepiaasmdll\x64\debug\sepiaasmdll.pch
c:\users\kasztelan\desktop\japroject\ja_project\sepiaasmdll\x64\debug\vc142.pdb
c:\users\kasztelan\desktop\japroject\ja_project\sepiaasmdll\x64\debug\vc142.idb
c:\users\kasztelan\desktop\japroject\ja_project\sepiaasmdll\x64\debug\pch.obj
c:\users\kasztelan\desktop\japroject\ja_project\sepiaasmdll\x64\debug\dllmain.obj
c:\users\kasztelan\desktop\japroject\ja_project\sepiagui\bin\x64\debug\sepiaasmdll.ilk
c:\users\kasztelan\desktop\japroject\ja_project\sepiagui\bin\x64\debug\sepiaasmdll.dll
c:\users\kasztelan\desktop\japroject\ja_project\sepiagui\bin\x64\debug\sepiaasmdll.pdb
c:\users\kasztelan\desktop\japroject\ja_project\sepiaasmdll\x64\debug\source.obj
c:\users\kasztelan\desktop\japroject\ja_project\sepiagui\bin\x64\debug\sepiaasmdll.lib
c:\users\kasztelan\desktop\japroject\ja_project\sepiagui\bin\x64\debug\sepiaasmdll.exp
c:\users\kasztelan\desktop\japroject\ja_project\sepiaasmdll\..\sepiagui\bin\x64\debug\sepiaasmdll.dll
c:\users\kasztelan\desktop\japroject\ja_project\sepiaasmdll\x64\debug\sepiaasmdll.tlog\cl.command.1.tlog
c:\users\kasztelan\desktop\japroject\ja_project\sepiaasmdll\x64\debug\sepiaasmdll.tlog\cl.read.1.tlog
c:\users\kasztelan\desktop\japroject\ja_project\sepiaasmdll\x64\debug\sepiaasmdll.tlog\cl.write.1.tlog
c:\users\kasztelan\desktop\japroject\ja_project\sepiaasmdll\x64\debug\sepiaasmdll.tlog\link.command.1.tlog
c:\users\kasztelan\desktop\japroject\ja_project\sepiaasmdll\x64\debug\sepiaasmdll.tlog\link.read.1.tlog
c:\users\kasztelan\desktop\japroject\ja_project\sepiaasmdll\x64\debug\sepiaasmdll.tlog\link.write.1.tlog
c:\users\kasztelan\desktop\japroject\ja_project\sepiaasmdll\x64\debug\sepiaasmdll.tlog\masm.read.1u.tlog
c:\users\kasztelan\desktop\japroject\ja_project\sepiaasmdll\x64\debug\sepiaasmdll.tlog\masm.write.1u.tlog
c:\users\kasztelan\desktop\japroject\ja_project\sepiaasmdll\x64\debug\sepiaasmdll.tlog\sepiaasmdll.write.1u.tlog
